
> nextn@0.1.0 dev
> next dev --turbopack -p 9002

   ▲ Next.js 15.5.9 (Turbopack)
   - Local:        http://localhost:9002
   - Network:      http://192.168.0.2:9002
   - Environments: .env.local

 ✓ Starting...
 ✓ Ready in 2.9s
 ○ Compiling /test-carousel ...
 ✓ Compiled /test-carousel in 15.7s
 GET /test-carousel 200 in 16878ms
 GET /test-carousel 200 in 188ms
 ⨯ [Error [FirebaseError]: Expected first argument to collection() to be a CollectionReference, a DocumentReference or FirebaseFirestore] {
  code: 'invalid-argument',
  customData: undefined,
  toString: [Function (anonymous)],
  digest: '1366593258'
}
 GET /test-carousel 500 in 516ms
 GET /test-carousel 200 in 402ms
 ✓ Compiled in 211ms
 ✓ Compiled /test-carousel in 56ms
 GET /test-carousel 200 in 460ms
 GET /test-carousel 200 in 377ms
 ✓ Compiled in 289ms
 ○ Compiling / ...
 ✓ Compiled / in 11.7s
 ⨯ ./src/components/public/gallery-section.tsx:121:6
Parsing ecmascript source code failed
[0m [90m 119 |[39m       )}
 [90m 120 |[39m       [33m<[39m[33m/[39m[33mdiv[39m[33m>[39m
[31m[1m>[22m[39m[90m 121 |[39m     [33m<[39m[33m/[39m[33msection[39m[33m>[39m
 [90m     |[39m      [31m[1m^[22m[39m[31m[1m^[22m[39m[31m[1m^[22m[39m[31m[1m^[22m[39m[31m[1m^[22m[39m[31m[1m^[22m[39m[31m[1m^[22m[39m[31m[1m^[22m[39m[31m[1m^[22m[39m
 [90m 122 |[39m   )[33m;[39m
 [90m 123 |[39m }
 [90m 124 |[39m[0m

Unterminated regexp literal

Import traces:
  Client Component Browser:
    ./src/components/public/gallery-section.tsx [Client Component Browser]
    ./src/app/page.tsx [Client Component Browser]
    ./src/app/page.tsx [Server Component]

  Client Component SSR:
    ./src/components/public/gallery-section.tsx [Client Component SSR]
    ./src/app/page.tsx [Client Component SSR]
    ./src/app/page.tsx [Server Component]


 ○ Compiling /_error ...
 ✓ Compiled /_error in 3.7s
 GET / 500 in 17840ms
 ✓ Compiled in 219ms
 ✓ Compiled / in 45ms
 GET / 200 in 800ms
 GET / 200 in 565ms
 GET / 200 in 187ms
